# JRE version: OpenJDK Runtime Environment Temurin-21.0.7+6 (21.0.7+6) (build 21.0.7+6-LTS)
# Java VM: OpenJDK 64-Bit Server VM Temurin-21.0.7+6 (21.0.7+6-LTS, mixed mode, sharing, tiered, compressed oops, compressed class ptrs, parallel gc, windows-amd64)
GC Precious Log:
 CardTable entry size: 512
 CPUs: 16 total, 16 available
 Memory: 11995M
 Large Page Support: Disabled
 NUMA Support: Disabled
 Compressed Oops: Enabled (32-bit)
 Alignments: Space 512K, Generation 512K, Heap 2M
 Heap Min Capacity: 100M
 Heap Initial Capacity: 100M
 Heap Max Capacity: 1G
 Pre-touch: Disabled
 Parallel Workers: 13
Heap:
 PSYoungGen      total 22528K, used 15939K [0x00000000eab00000, 0x00000000ec600000, 0x0000000100000000)
  eden space 22016K, 72% used [0x00000000eab00000,0x00000000eba90f00,0x00000000ec080000)
  from space 512K, 0% used [0x00000000ec400000,0x00000000ec400000,0x00000000ec480000)
  to   space 1024K, 0% used [0x00000000ec500000,0x00000000ec500000,0x00000000ec600000)
 ParOldGen       total 68608K, used 17336K [0x00000000c0000000, 0x00000000c4300000, 0x00000000eab00000)
  object space 68608K, 25% used [0x00000000c0000000,0x00000000c10ee3f0,0x00000000c4300000)
 Metaspace       used 37429K, committed 38400K, reserved 1114112K
  class space    used 3873K, committed 4288K, reserved 1048576K
GC Heap History (20 events):
Event: 3.167 GC heap before
{Heap before GC invocations=8 (full 0):
 PSYoungGen      total 29184K, used 6616K [0x00000000eab00000, 0x00000000ecc00000, 0x0000000100000000)
  eden space 24576K, 9% used [0x00000000eab00000,0x00000000ead43d98,0x00000000ec300000)
  from space 4608K, 93% used [0x00000000ec380000,0x00000000ec7b2380,0x00000000ec800000)
  to   space 4096K, 0% used [0x00000000ec800000,0x00000000ec800000,0x00000000ecc00000)
 ParOldGen       total 68608K, used 9628K [0x00000000c0000000, 0x00000000c4300000, 0x00000000eab00000)
  object space 68608K, 14% used [0x00000000c0000000,0x00000000c0967028,0x00000000c4300000)
 Metaspace       used 21030K, committed 21824K, reserved 1114112K
  class space    used 2126K, committed 2496K, reserved 1048576K
}
Event: 3.168 GC heap after
{Heap after GC invocations=8 (full 0):
 PSYoungGen      total 28672K, used 4010K [0x00000000eab00000, 0x00000000ecc00000, 0x0000000100000000)
  eden space 24576K, 0% used [0x00000000eab00000,0x00000000eab00000,0x00000000ec300000)
  from space 4096K, 97% used [0x00000000ec800000,0x00000000ecbea9a8,0x00000000ecc00000)
  to   space 4608K, 0% used [0x00000000ec300000,0x00000000ec300000,0x00000000ec780000)
 ParOldGen       total 68608K, used 10023K [0x00000000c0000000, 0x00000000c4300000, 0x00000000eab00000)
  object space 68608K, 14% used [0x00000000c0000000,0x00000000c09c9ea8,0x00000000c4300000)
 Metaspace       used 21030K, committed 21824K, reserved 1114112K
  class space    used 2126K, committed 2496K, reserved 1048576K
}
Event: 3.168 GC heap before
{Heap before GC invocations=9 (full 1):
 PSYoungGen      total 28672K, used 4010K [0x00000000eab00000, 0x00000000ecc00000, 0x0000000100000000)
  eden space 24576K, 0% used [0x00000000eab00000,0x00000000eab00000,0x00000000ec300000)
  from space 4096K, 97% used [0x00000000ec800000,0x00000000ecbea9a8,0x00000000ecc00000)
  to   space 4608K, 0% used [0x00000000ec300000,0x00000000ec300000,0x00000000ec780000)
 ParOldGen       total 68608K, used 10023K [0x00000000c0000000, 0x00000000c4300000, 0x00000000eab00000)
  object space 68608K, 14% used [0x00000000c0000000,0x00000000c09c9ea8,0x00000000c4300000)
 Metaspace       used 21030K, committed 21824K, reserved 1114112K
  class space    used 2126K, committed 2496K, reserved 1048576K
}
Event: 3.187 GC heap after
{Heap after GC invocations=9 (full 1):
 PSYoungGen      total 28672K, used 0K [0x00000000eab00000, 0x00000000ecc00000, 0x0000000100000000)
  eden space 24576K, 0% used [0x00000000eab00000,0x00000000eab00000,0x00000000ec300000)
  from space 4096K, 0% used [0x00000000ec800000,0x00000000ec800000,0x00000000ecc00000)
  to   space 4608K, 0% used [0x00000000ec300000,0x00000000ec300000,0x00000000ec780000)
 ParOldGen       total 68608K, used 12832K [0x00000000c0000000, 0x00000000c4300000, 0x00000000eab00000)
  object space 68608K, 18% used [0x00000000c0000000,0x00000000c0c880b0,0x00000000c4300000)
 Metaspace       used 21017K, committed 21824K, reserved 1114112K
  class space    used 2123K, committed 2496K, reserved 1048576K
}
Event: 3.280 GC heap before
{Heap before GC invocations=10 (full 1):
 PSYoungGen      total 28672K, used 24576K [0x00000000eab00000, 0x00000000ecc00000, 0x0000000100000000)
  eden space 24576K, 100% used [0x00000000eab00000,0x00000000ec300000,0x00000000ec300000)
  from space 4096K, 0% used [0x00000000ec800000,0x00000000ec800000,0x00000000ecc00000)
  to   space 4608K, 0% used [0x00000000ec300000,0x00000000ec300000,0x00000000ec780000)
 ParOldGen       total 68608K, used 12832K [0x00000000c0000000, 0x00000000c4300000, 0x00000000eab00000)
  object space 68608K, 18% used [0x00000000c0000000,0x00000000c0c880b0,0x00000000c4300000)
 Metaspace       used 23395K, committed 24192K, reserved 1114112K
  class space    used 2337K, committed 2688K, reserved 1048576K
}
Event: 3.281 GC heap after
{Heap after GC invocations=10 (full 1):
 PSYoungGen      total 24576K, used 416K [0x00000000eab00000, 0x00000000ec880000, 0x0000000100000000)
  eden space 24064K, 0% used [0x00000000eab00000,0x00000000eab00000,0x00000000ec280000)
  from space 512K, 81% used [0x00000000ec300000,0x00000000ec368000,0x00000000ec380000)
  to   space 2048K, 0% used [0x00000000ec680000,0x00000000ec680000,0x00000000ec880000)
 ParOldGen       total 68608K, used 12832K [0x00000000c0000000, 0x00000000c4300000, 0x00000000eab00000)
  object space 68608K, 18% used [0x00000000c0000000,0x00000000c0c880b0,0x00000000c4300000)
 Metaspace       used 23395K, committed 24192K, reserved 1114112K
  class space    used 2337K, committed 2688K, reserved 1048576K
}
Event: 3.433 GC heap before
{Heap before GC invocations=11 (full 1):
 PSYoungGen      total 24576K, used 24480K [0x00000000eab00000, 0x00000000ec880000, 0x0000000100000000)
  eden space 24064K, 100% used [0x00000000eab00000,0x00000000ec280000,0x00000000ec280000)
  from space 512K, 81% used [0x00000000ec300000,0x00000000ec368000,0x00000000ec380000)
  to   space 2048K, 0% used [0x00000000ec680000,0x00000000ec680000,0x00000000ec880000)
 ParOldGen       total 68608K, used 12832K [0x00000000c0000000, 0x00000000c4300000, 0x00000000eab00000)
  object space 68608K, 18% used [0x00000000c0000000,0x00000000c0c880b0,0x00000000c4300000)
 Metaspace       used 26739K, committed 27520K, reserved 1114112K
  class space    used 2688K, committed 3072K, reserved 1048576K
}
Event: 3.435 GC heap after
{Heap after GC invocations=11 (full 1):
 PSYoungGen      total 24576K, used 848K [0x00000000eab00000, 0x00000000ec780000, 0x0000000100000000)
  eden space 23552K, 0% used [0x00000000eab00000,0x00000000eab00000,0x00000000ec200000)
  from space 1024K, 82% used [0x00000000ec680000,0x00000000ec754060,0x00000000ec780000)
  to   space 1024K, 0% used [0x00000000ec580000,0x00000000ec580000,0x00000000ec680000)
 ParOldGen       total 68608K, used 12840K [0x00000000c0000000, 0x00000000c4300000, 0x00000000eab00000)
  object space 68608K, 18% used [0x00000000c0000000,0x00000000c0c8a0b0,0x00000000c4300000)
 Metaspace       used 26739K, committed 27520K, reserved 1114112K
  class space    used 2688K, committed 3072K, reserved 1048576K
}
Event: 3.556 GC heap before
{Heap before GC invocations=12 (full 1):
 PSYoungGen      total 24576K, used 24400K [0x00000000eab00000, 0x00000000ec780000, 0x0000000100000000)
  eden space 23552K, 100% used [0x00000000eab00000,0x00000000ec200000,0x00000000ec200000)
  from space 1024K, 82% used [0x00000000ec680000,0x00000000ec754060,0x00000000ec780000)
  to   space 1024K, 0% used [0x00000000ec580000,0x00000000ec580000,0x00000000ec680000)
 ParOldGen       total 68608K, used 12840K [0x00000000c0000000, 0x00000000c4300000, 0x00000000eab00000)
  object space 68608K, 18% used [0x00000000c0000000,0x00000000c0c8a0b0,0x00000000c4300000)
 Metaspace       used 28333K, committed 29248K, reserved 1114112K
  class space    used 2807K, committed 3200K, reserved 1048576K
}
Event: 3.558 GC heap after
{Heap after GC invocations=12 (full 1):
 PSYoungGen      total 24064K, used 814K [0x00000000eab00000, 0x00000000ec700000, 0x0000000100000000)
  eden space 23040K, 0% used [0x00000000eab00000,0x00000000eab00000,0x00000000ec180000)
  from space 1024K, 79% used [0x00000000ec580000,0x00000000ec64b890,0x00000000ec680000)
  to   space 512K, 0% used [0x00000000ec680000,0x00000000ec680000,0x00000000ec700000)
 ParOldGen       total 68608K, used 14914K [0x00000000c0000000, 0x00000000c4300000, 0x00000000eab00000)
  object space 68608K, 21% used [0x00000000c0000000,0x00000000c0e90ad0,0x00000000c4300000)
 Metaspace       used 28333K, committed 29248K, reserved 1114112K
  class space    used 2807K, committed 3200K, reserved 1048576K
}
Event: 3.690 GC heap before
{Heap before GC invocations=13 (full 1):
 PSYoungGen      total 24064K, used 23854K [0x00000000eab00000, 0x00000000ec700000, 0x0000000100000000)
  eden space 23040K, 100% used [0x00000000eab00000,0x00000000ec180000,0x00000000ec180000)
  from space 1024K, 79% used [0x00000000ec580000,0x00000000ec64b890,0x00000000ec680000)
  to   space 512K, 0% used [0x00000000ec680000,0x00000000ec680000,0x00000000ec700000)
 ParOldGen       total 68608K, used 14914K [0x00000000c0000000, 0x00000000c4300000, 0x00000000eab00000)
  object space 68608K, 21% used [0x00000000c0000000,0x00000000c0e90ad0,0x00000000c4300000)
 Metaspace       used 29592K, committed 30400K, reserved 1114112K
  class space    used 2942K, committed 3328K, reserved 1048576K
}
Event: 3.690 GC heap after
{Heap after GC invocations=13 (full 1):
 PSYoungGen      total 23040K, used 490K [0x00000000eab00000, 0x00000000ec700000, 0x0000000100000000)
  eden space 22528K, 0% used [0x00000000eab00000,0x00000000eab00000,0x00000000ec100000)
  from space 512K, 95% used [0x00000000ec680000,0x00000000ec6faa40,0x00000000ec700000)
  to   space 1536K, 0% used [0x00000000ec400000,0x00000000ec400000,0x00000000ec580000)
 ParOldGen       total 68608K, used 15697K [0x00000000c0000000, 0x00000000c4300000, 0x00000000eab00000)
  object space 68608K, 22% used [0x00000000c0000000,0x00000000c0f54550,0x00000000c4300000)
 Metaspace       used 29592K, committed 30400K, reserved 1114112K
  class space    used 2942K, committed 3328K, reserved 1048576K
}
Event: 3.874 GC heap before
{Heap before GC invocations=14 (full 1):
 PSYoungGen      total 23040K, used 23018K [0x00000000eab00000, 0x00000000ec700000, 0x0000000100000000)
  eden space 22528K, 100% used [0x00000000eab00000,0x00000000ec100000,0x00000000ec100000)
  from space 512K, 95% used [0x00000000ec680000,0x00000000ec6faa40,0x00000000ec700000)
  to   space 1536K, 0% used [0x00000000ec400000,0x00000000ec400000,0x00000000ec580000)
 ParOldGen       total 68608K, used 15697K [0x00000000c0000000, 0x00000000c4300000, 0x00000000eab00000)
  object space 68608K, 22% used [0x00000000c0000000,0x00000000c0f54550,0x00000000c4300000)
 Metaspace       used 32851K, committed 33728K, reserved 1114112K
  class space    used 3292K, committed 3648K, reserved 1048576K
}
Event: 3.875 GC heap after
{Heap after GC invocations=14 (full 1):
 PSYoungGen      total 23552K, used 1194K [0x00000000eab00000, 0x00000000ec700000, 0x0000000100000000)
  eden space 22016K, 0% used [0x00000000eab00000,0x00000000eab00000,0x00000000ec080000)
  from space 1536K, 77% used [0x00000000ec400000,0x00000000ec52a8e0,0x00000000ec580000)
  to   space 1536K, 0% used [0x00000000ec580000,0x00000000ec580000,0x00000000ec700000)
 ParOldGen       total 68608K, used 16177K [0x00000000c0000000, 0x00000000c4300000, 0x00000000eab00000)
  object space 68608K, 23% used [0x00000000c0000000,0x00000000c0fcc588,0x00000000c4300000)
 Metaspace       used 32851K, committed 33728K, reserved 1114112K
  class space    used 3292K, committed 3648K, reserved 1048576K
}
Event: 4.046 GC heap before
{Heap before GC invocations=15 (full 1):
 PSYoungGen      total 23552K, used 23210K [0x00000000eab00000, 0x00000000ec700000, 0x0000000100000000)
  eden space 22016K, 100% used [0x00000000eab00000,0x00000000ec080000,0x00000000ec080000)
  from space 1536K, 77% used [0x00000000ec400000,0x00000000ec52a8e0,0x00000000ec580000)
  to   space 1536K, 0% used [0x00000000ec580000,0x00000000ec580000,0x00000000ec700000)
 ParOldGen       total 68608K, used 16177K [0x00000000c0000000, 0x00000000c4300000, 0x00000000eab00000)
  object space 68608K, 23% used [0x00000000c0000000,0x00000000c0fcc588,0x00000000c4300000)
 Metaspace       used 35484K, committed 36416K, reserved 1114112K
  class space    used 3630K, committed 4032K, reserved 1048576K
}
Event: 4.048 GC heap after
{Heap after GC invocations=15 (full 1):
 PSYoungGen      total 23552K, used 1280K [0x00000000eab00000, 0x00000000ec700000, 0x0000000100000000)
  eden space 22016K, 0% used [0x00000000eab00000,0x00000000eab00000,0x00000000ec080000)
  from space 1536K, 83% used [0x00000000ec580000,0x00000000ec6c0000,0x00000000ec700000)
  to   space 1536K, 0% used [0x00000000ec400000,0x00000000ec400000,0x00000000ec580000)
 ParOldGen       total 68608K, used 17064K [0x00000000c0000000, 0x00000000c4300000, 0x00000000eab00000)
  object space 68608K, 24% used [0x00000000c0000000,0x00000000c10aa280,0x00000000c4300000)
 Metaspace       used 35484K, committed 36416K, reserved 1114112K
  class space    used 3630K, committed 4032K, reserved 1048576K
}
Event: 4.049 GC heap before
{Heap before GC invocations=16 (full 1):
 PSYoungGen      total 23552K, used 1718K [0x00000000eab00000, 0x00000000ec700000, 0x0000000100000000)
  eden space 22016K, 1% used [0x00000000eab00000,0x00000000eab6d868,0x00000000ec080000)
  from space 1536K, 83% used [0x00000000ec580000,0x00000000ec6c0000,0x00000000ec700000)
  to   space 1536K, 0% used [0x00000000ec400000,0x00000000ec400000,0x00000000ec580000)
 ParOldGen       total 68608K, used 17064K [0x00000000c0000000, 0x00000000c4300000, 0x00000000eab00000)
  object space 68608K, 24% used [0x00000000c0000000,0x00000000c10aa280,0x00000000c4300000)
 Metaspace       used 35551K, committed 36416K, reserved 1114112K
  class space    used 3634K, committed 4032K, reserved 1048576K
}
Event: 4.050 GC heap after
{Heap after GC invocations=16 (full 1):
 PSYoungGen      total 22528K, used 256K [0x00000000eab00000, 0x00000000ec600000, 0x0000000100000000)
  eden space 22016K, 0% used [0x00000000eab00000,0x00000000eab00000,0x00000000ec080000)
  from space 512K, 50% used [0x00000000ec400000,0x00000000ec440000,0x00000000ec480000)
  to   space 1024K, 0% used [0x00000000ec500000,0x00000000ec500000,0x00000000ec600000)
 ParOldGen       total 68608K, used 18178K [0x00000000c0000000, 0x00000000c4300000, 0x00000000eab00000)
  object space 68608K, 26% used [0x00000000c0000000,0x00000000c11c0a48,0x00000000c4300000)
 Metaspace       used 35551K, committed 36416K, reserved 1114112K
  class space    used 3634K, committed 4032K, reserved 1048576K
}
Event: 4.050 GC heap before
{Heap before GC invocations=17 (full 2):
 PSYoungGen      total 22528K, used 256K [0x00000000eab00000, 0x00000000ec600000, 0x0000000100000000)
  eden space 22016K, 0% used [0x00000000eab00000,0x00000000eab00000,0x00000000ec080000)
  from space 512K, 50% used [0x00000000ec400000,0x00000000ec440000,0x00000000ec480000)
  to   space 1024K, 0% used [0x00000000ec500000,0x00000000ec500000,0x00000000ec600000)
 ParOldGen       total 68608K, used 18178K [0x00000000c0000000, 0x00000000c4300000, 0x00000000eab00000)
  object space 68608K, 26% used [0x00000000c0000000,0x00000000c11c0a48,0x00000000c4300000)
 Metaspace       used 35551K, committed 36416K, reserved 1114112K
  class space    used 3634K, committed 4032K, reserved 1048576K
}
Event: 4.070 GC heap after
{Heap after GC invocations=17 (full 2):
 PSYoungGen      total 22528K, used 0K [0x00000000eab00000, 0x00000000ec600000, 0x0000000100000000)
  eden space 22016K, 0% used [0x00000000eab00000,0x00000000eab00000,0x00000000ec080000)
  from space 512K, 0% used [0x00000000ec400000,0x00000000ec400000,0x00000000ec480000)
  to   space 1024K, 0% used [0x00000000ec500000,0x00000000ec500000,0x00000000ec600000)
 ParOldGen       total 68608K, used 17336K [0x00000000c0000000, 0x00000000c4300000, 0x00000000eab00000)
  object space 68608K, 25% used [0x00000000c0000000,0x00000000c10ee3f0,0x00000000c4300000)
 Metaspace       used 35551K, committed 36416K, reserved 1114112K
  class space    used 3634K, committed 4032K, reserved 1048576K
}

