# JRE version: OpenJDK Runtime Environment Temurin-21.0.7+6 (21.0.7+6) (build 21.0.7+6-LTS)
# Java VM: OpenJDK 64-Bit Server VM Temurin-21.0.7+6 (21.0.7+6-LTS, mixed mode, sharing, tiered, compressed oops, compressed class ptrs, parallel gc, windows-amd64)
GC Precious Log:
 CardTable entry size: 512
 CPUs: 16 total, 16 available
 Memory: 11995M
 Large Page Support: Disabled
 NUMA Support: Disabled
 Compressed Oops: Enabled (32-bit)
 Alignments: Space 512K, Generation 512K, Heap 2M
 Heap Min Capacity: 100M
 Heap Initial Capacity: 100M
 Heap Max Capacity: 1G
 Pre-touch: Disabled
 Parallel Workers: 13
Heap:
 PSYoungGen      total 24576K, used 6549K [0x00000000eab00000, 0x00000000eca80000, 0x0000000100000000)
  eden space 22016K, 29% used [0x00000000eab00000,0x00000000eb165790,0x00000000ec080000)
  from space 2560K, 0% used [0x00000000ec600000,0x00000000ec600000,0x00000000ec880000)
  to   space 1024K, 0% used [0x00000000ec980000,0x00000000ec980000,0x00000000eca80000)
 ParOldGen       total 68608K, used 39916K [0x00000000c0000000, 0x00000000c4300000, 0x00000000eab00000)
  object space 68608K, 58% used [0x00000000c0000000,0x00000000c26fb3b8,0x00000000c4300000)
 Metaspace       used 59339K, committed 60608K, reserved 1114112K
  class space    used 6864K, committed 7424K, reserved 1048576K
GC Heap History (20 events):
Event: 24.453 GC heap before
{Heap before GC invocations=21 (full 2):
 PSYoungGen      total 23552K, used 23450K [0x00000000eab00000, 0x00000000ec500000, 0x0000000100000000)
  eden space 22016K, 99% used [0x00000000eab00000,0x00000000ec077d90,0x00000000ec080000)
  from space 1536K, 95% used [0x00000000ec380000,0x00000000ec4eed70,0x00000000ec500000)
  to   space 2048K, 0% used [0x00000000ec100000,0x00000000ec100000,0x00000000ec300000)
 ParOldGen       total 68608K, used 22785K [0x00000000c0000000, 0x00000000c4300000, 0x00000000eab00000)
  object space 68608K, 33% used [0x00000000c0000000,0x00000000c1640428,0x00000000c4300000)
 Metaspace       used 49522K, committed 50624K, reserved 1114112K
  class space    used 5307K, committed 5824K, reserved 1048576K
}
Event: 24.455 GC heap after
{Heap after GC invocations=21 (full 2):
 PSYoungGen      total 23552K, used 1321K [0x00000000eab00000, 0x00000000ec400000, 0x0000000100000000)
  eden space 22016K, 0% used [0x00000000eab00000,0x00000000eab00000,0x00000000ec080000)
  from space 1536K, 86% used [0x00000000ec100000,0x00000000ec24a590,0x00000000ec280000)
  to   space 1536K, 0% used [0x00000000ec280000,0x00000000ec280000,0x00000000ec400000)
 ParOldGen       total 68608K, used 24005K [0x00000000c0000000, 0x00000000c4300000, 0x00000000eab00000)
  object space 68608K, 34% used [0x00000000c0000000,0x00000000c1771438,0x00000000c4300000)
 Metaspace       used 49522K, committed 50624K, reserved 1114112K
  class space    used 5307K, committed 5824K, reserved 1048576K
}
Event: 24.669 GC heap before
{Heap before GC invocations=22 (full 2):
 PSYoungGen      total 23552K, used 23309K [0x00000000eab00000, 0x00000000ec400000, 0x0000000100000000)
  eden space 22016K, 99% used [0x00000000eab00000,0x00000000ec0791f0,0x00000000ec080000)
  from space 1536K, 86% used [0x00000000ec100000,0x00000000ec24a590,0x00000000ec280000)
  to   space 1536K, 0% used [0x00000000ec280000,0x00000000ec280000,0x00000000ec400000)
 ParOldGen       total 68608K, used 24005K [0x00000000c0000000, 0x00000000c4300000, 0x00000000eab00000)
  object space 68608K, 34% used [0x00000000c0000000,0x00000000c1771438,0x00000000c4300000)
 Metaspace       used 50980K, committed 52096K, reserved 1114112K
  class space    used 5492K, committed 6016K, reserved 1048576K
}
Event: 24.671 GC heap after
{Heap after GC invocations=22 (full 2):
 PSYoungGen      total 23040K, used 819K [0x00000000eab00000, 0x00000000ec380000, 0x0000000100000000)
  eden space 22016K, 0% used [0x00000000eab00000,0x00000000eab00000,0x00000000ec080000)
  from space 1024K, 80% used [0x00000000ec280000,0x00000000ec34cfd0,0x00000000ec380000)
  to   space 1024K, 0% used [0x00000000ec180000,0x00000000ec180000,0x00000000ec280000)
 ParOldGen       total 68608K, used 25081K [0x00000000c0000000, 0x00000000c4300000, 0x00000000eab00000)
  object space 68608K, 36% used [0x00000000c0000000,0x00000000c187e648,0x00000000c4300000)
 Metaspace       used 50980K, committed 52096K, reserved 1114112K
  class space    used 5492K, committed 6016K, reserved 1048576K
}
Event: 24.824 GC heap before
{Heap before GC invocations=23 (full 2):
 PSYoungGen      total 23040K, used 22835K [0x00000000eab00000, 0x00000000ec380000, 0x0000000100000000)
  eden space 22016K, 100% used [0x00000000eab00000,0x00000000ec080000,0x00000000ec080000)
  from space 1024K, 80% used [0x00000000ec280000,0x00000000ec34cfd0,0x00000000ec380000)
  to   space 1024K, 0% used [0x00000000ec180000,0x00000000ec180000,0x00000000ec280000)
 ParOldGen       total 68608K, used 25081K [0x00000000c0000000, 0x00000000c4300000, 0x00000000eab00000)
  object space 68608K, 36% used [0x00000000c0000000,0x00000000c187e648,0x00000000c4300000)
 Metaspace       used 52375K, committed 53440K, reserved 1114112K
  class space    used 5718K, committed 6208K, reserved 1048576K
}
Event: 24.828 GC heap after
{Heap after GC invocations=23 (full 2):
 PSYoungGen      total 23040K, used 1005K [0x00000000eab00000, 0x00000000ed580000, 0x0000000100000000)
  eden space 22016K, 0% used [0x00000000eab00000,0x00000000eab00000,0x00000000ec080000)
  from space 1024K, 98% used [0x00000000ec180000,0x00000000ec27b5b0,0x00000000ec280000)
  to   space 10752K, 0% used [0x00000000ecb00000,0x00000000ecb00000,0x00000000ed580000)
 ParOldGen       total 68608K, used 33264K [0x00000000c0000000, 0x00000000c4300000, 0x00000000eab00000)
  object space 68608K, 48% used [0x00000000c0000000,0x00000000c207c358,0x00000000c4300000)
 Metaspace       used 52375K, committed 53440K, reserved 1114112K
  class space    used 5718K, committed 6208K, reserved 1048576K
}
Event: 25.004 GC heap before
{Heap before GC invocations=24 (full 2):
 PSYoungGen      total 23040K, used 23018K [0x00000000eab00000, 0x00000000ed580000, 0x0000000100000000)
  eden space 22016K, 99% used [0x00000000eab00000,0x00000000ec07f540,0x00000000ec080000)
  from space 1024K, 98% used [0x00000000ec180000,0x00000000ec27b5b0,0x00000000ec280000)
  to   space 10752K, 0% used [0x00000000ecb00000,0x00000000ecb00000,0x00000000ed580000)
 ParOldGen       total 68608K, used 33264K [0x00000000c0000000, 0x00000000c4300000, 0x00000000eab00000)
  object space 68608K, 48% used [0x00000000c0000000,0x00000000c207c358,0x00000000c4300000)
 Metaspace       used 54205K, committed 55360K, reserved 1114112K
  class space    used 6035K, committed 6528K, reserved 1048576K
}
Event: 25.005 GC heap after
{Heap after GC invocations=24 (full 2):
 PSYoungGen      total 23040K, used 960K [0x00000000eab00000, 0x00000000ecc00000, 0x0000000100000000)
  eden space 22016K, 0% used [0x00000000eab00000,0x00000000eab00000,0x00000000ec080000)
  from space 1024K, 93% used [0x00000000ecb00000,0x00000000ecbf0000,0x00000000ecc00000)
  to   space 4096K, 0% used [0x00000000ec400000,0x00000000ec400000,0x00000000ec800000)
 ParOldGen       total 68608K, used 34301K [0x00000000c0000000, 0x00000000c4300000, 0x00000000eab00000)
  object space 68608K, 49% used [0x00000000c0000000,0x00000000c217f450,0x00000000c4300000)
 Metaspace       used 54205K, committed 55360K, reserved 1114112K
  class space    used 6035K, committed 6528K, reserved 1048576K
}
Event: 25.133 GC heap before
{Heap before GC invocations=25 (full 2):
 PSYoungGen      total 23040K, used 22976K [0x00000000eab00000, 0x00000000ecc00000, 0x0000000100000000)
  eden space 22016K, 100% used [0x00000000eab00000,0x00000000ec080000,0x00000000ec080000)
  from space 1024K, 93% used [0x00000000ecb00000,0x00000000ecbf0000,0x00000000ecc00000)
  to   space 4096K, 0% used [0x00000000ec400000,0x00000000ec400000,0x00000000ec800000)
 ParOldGen       total 68608K, used 34301K [0x00000000c0000000, 0x00000000c4300000, 0x00000000eab00000)
  object space 68608K, 49% used [0x00000000c0000000,0x00000000c217f450,0x00000000c4300000)
 Metaspace       used 54708K, committed 55808K, reserved 1114112K
  class space    used 6096K, committed 6592K, reserved 1048576K
}
Event: 25.135 GC heap after
{Heap after GC invocations=25 (full 2):
 PSYoungGen      total 26112K, used 768K [0x00000000eab00000, 0x00000000ecb80000, 0x0000000100000000)
  eden space 22016K, 0% used [0x00000000eab00000,0x00000000eab00000,0x00000000ec080000)
  from space 4096K, 18% used [0x00000000ec400000,0x00000000ec4c0000,0x00000000ec800000)
  to   space 1536K, 0% used [0x00000000eca00000,0x00000000eca00000,0x00000000ecb80000)
 ParOldGen       total 68608K, used 35049K [0x00000000c0000000, 0x00000000c4300000, 0x00000000eab00000)
  object space 68608K, 51% used [0x00000000c0000000,0x00000000c223a470,0x00000000c4300000)
 Metaspace       used 54708K, committed 55808K, reserved 1114112K
  class space    used 6096K, committed 6592K, reserved 1048576K
}
Event: 25.278 GC heap before
{Heap before GC invocations=26 (full 2):
 PSYoungGen      total 26112K, used 22784K [0x00000000eab00000, 0x00000000ecb80000, 0x0000000100000000)
  eden space 22016K, 100% used [0x00000000eab00000,0x00000000ec080000,0x00000000ec080000)
  from space 4096K, 18% used [0x00000000ec400000,0x00000000ec4c0000,0x00000000ec800000)
  to   space 1536K, 0% used [0x00000000eca00000,0x00000000eca00000,0x00000000ecb80000)
 ParOldGen       total 68608K, used 35049K [0x00000000c0000000, 0x00000000c4300000, 0x00000000eab00000)
  object space 68608K, 51% used [0x00000000c0000000,0x00000000c223a470,0x00000000c4300000)
 Metaspace       used 54714K, committed 55808K, reserved 1114112K
  class space    used 6096K, committed 6592K, reserved 1048576K
}
Event: 25.279 GC heap after
{Heap after GC invocations=26 (full 2):
 PSYoungGen      total 23040K, used 704K [0x00000000eab00000, 0x00000000ecb00000, 0x0000000100000000)
  eden space 22016K, 0% used [0x00000000eab00000,0x00000000eab00000,0x00000000ec080000)
  from space 1024K, 68% used [0x00000000eca00000,0x00000000ecab0000,0x00000000ecb00000)
  to   space 1024K, 0% used [0x00000000ec900000,0x00000000ec900000,0x00000000eca00000)
 ParOldGen       total 68608K, used 35634K [0x00000000c0000000, 0x00000000c4300000, 0x00000000eab00000)
  object space 68608K, 51% used [0x00000000c0000000,0x00000000c22cc810,0x00000000c4300000)
 Metaspace       used 54714K, committed 55808K, reserved 1114112K
  class space    used 6096K, committed 6592K, reserved 1048576K
}
Event: 26.468 GC heap before
{Heap before GC invocations=27 (full 2):
 PSYoungGen      total 23040K, used 22720K [0x00000000eab00000, 0x00000000ecb00000, 0x0000000100000000)
  eden space 22016K, 100% used [0x00000000eab00000,0x00000000ec080000,0x00000000ec080000)
  from space 1024K, 68% used [0x00000000eca00000,0x00000000ecab0000,0x00000000ecb00000)
  to   space 1024K, 0% used [0x00000000ec900000,0x00000000ec900000,0x00000000eca00000)
 ParOldGen       total 68608K, used 35634K [0x00000000c0000000, 0x00000000c4300000, 0x00000000eab00000)
  object space 68608K, 51% used [0x00000000c0000000,0x00000000c22cc810,0x00000000c4300000)
 Metaspace       used 55044K, committed 56256K, reserved 1114112K
  class space    used 6175K, committed 6720K, reserved 1048576K
}
Event: 26.469 GC heap after
{Heap after GC invocations=27 (full 2):
 PSYoungGen      total 23040K, used 1022K [0x00000000eab00000, 0x00000000ecb80000, 0x0000000100000000)
  eden space 22016K, 0% used [0x00000000eab00000,0x00000000eab00000,0x00000000ec080000)
  from space 1024K, 99% used [0x00000000ec900000,0x00000000ec9ffac0,0x00000000eca00000)
  to   space 1536K, 0% used [0x00000000eca00000,0x00000000eca00000,0x00000000ecb80000)
 ParOldGen       total 68608K, used 39453K [0x00000000c0000000, 0x00000000c4300000, 0x00000000eab00000)
  object space 68608K, 57% used [0x00000000c0000000,0x00000000c26874a8,0x00000000c4300000)
 Metaspace       used 55044K, committed 56256K, reserved 1114112K
  class space    used 6175K, committed 6720K, reserved 1048576K
}
Event: 26.707 GC heap before
{Heap before GC invocations=28 (full 2):
 PSYoungGen      total 23040K, used 23038K [0x00000000eab00000, 0x00000000ecb80000, 0x0000000100000000)
  eden space 22016K, 100% used [0x00000000eab00000,0x00000000ec080000,0x00000000ec080000)
  from space 1024K, 99% used [0x00000000ec900000,0x00000000ec9ffac0,0x00000000eca00000)
  to   space 1536K, 0% used [0x00000000eca00000,0x00000000eca00000,0x00000000ecb80000)
 ParOldGen       total 68608K, used 39453K [0x00000000c0000000, 0x00000000c4300000, 0x00000000eab00000)
  object space 68608K, 57% used [0x00000000c0000000,0x00000000c26874a8,0x00000000c4300000)
 Metaspace       used 57348K, committed 58624K, reserved 1114112K
  class space    used 6546K, committed 7104K, reserved 1048576K
}
Event: 26.709 GC heap after
{Heap after GC invocations=28 (full 2):
 PSYoungGen      total 23040K, used 1008K [0x00000000eab00000, 0x00000000ecb00000, 0x0000000100000000)
  eden space 22016K, 0% used [0x00000000eab00000,0x00000000eab00000,0x00000000ec080000)
  from space 1024K, 98% used [0x00000000eca00000,0x00000000ecafc020,0x00000000ecb00000)
  to   space 2560K, 0% used [0x00000000ec600000,0x00000000ec600000,0x00000000ec880000)
 ParOldGen       total 68608K, used 40502K [0x00000000c0000000, 0x00000000c4300000, 0x00000000eab00000)
  object space 68608K, 59% used [0x00000000c0000000,0x00000000c278db58,0x00000000c4300000)
 Metaspace       used 57348K, committed 58624K, reserved 1114112K
  class space    used 6546K, committed 7104K, reserved 1048576K
}
Event: 26.790 GC heap before
{Heap before GC invocations=29 (full 2):
 PSYoungGen      total 23040K, used 13199K [0x00000000eab00000, 0x00000000ecb00000, 0x0000000100000000)
  eden space 22016K, 55% used [0x00000000eab00000,0x00000000eb6e7d38,0x00000000ec080000)
  from space 1024K, 98% used [0x00000000eca00000,0x00000000ecafc020,0x00000000ecb00000)
  to   space 2560K, 0% used [0x00000000ec600000,0x00000000ec600000,0x00000000ec880000)
 ParOldGen       total 68608K, used 40502K [0x00000000c0000000, 0x00000000c4300000, 0x00000000eab00000)
  object space 68608K, 59% used [0x00000000c0000000,0x00000000c278db58,0x00000000c4300000)
 Metaspace       used 58572K, committed 59776K, reserved 1114112K
  class space    used 6766K, committed 7296K, reserved 1048576K
}
Event: 26.792 GC heap after
{Heap after GC invocations=29 (full 2):
 PSYoungGen      total 24576K, used 544K [0x00000000eab00000, 0x00000000eca80000, 0x0000000100000000)
  eden space 22016K, 0% used [0x00000000eab00000,0x00000000eab00000,0x00000000ec080000)
  from space 2560K, 21% used [0x00000000ec600000,0x00000000ec688000,0x00000000ec880000)
  to   space 1024K, 0% used [0x00000000ec980000,0x00000000ec980000,0x00000000eca80000)
 ParOldGen       total 68608K, used 41350K [0x00000000c0000000, 0x00000000c4300000, 0x00000000eab00000)
  object space 68608K, 60% used [0x00000000c0000000,0x00000000c2861b88,0x00000000c4300000)
 Metaspace       used 58572K, committed 59776K, reserved 1114112K
  class space    used 6766K, committed 7296K, reserved 1048576K
}
Event: 26.792 GC heap before
{Heap before GC invocations=30 (full 3):
 PSYoungGen      total 24576K, used 544K [0x00000000eab00000, 0x00000000eca80000, 0x0000000100000000)
  eden space 22016K, 0% used [0x00000000eab00000,0x00000000eab00000,0x00000000ec080000)
  from space 2560K, 21% used [0x00000000ec600000,0x00000000ec688000,0x00000000ec880000)
  to   space 1024K, 0% used [0x00000000ec980000,0x00000000ec980000,0x00000000eca80000)
 ParOldGen       total 68608K, used 41350K [0x00000000c0000000, 0x00000000c4300000, 0x00000000eab00000)
  object space 68608K, 60% used [0x00000000c0000000,0x00000000c2861b88,0x00000000c4300000)
 Metaspace       used 58572K, committed 59776K, reserved 1114112K
  class space    used 6766K, committed 7296K, reserved 1048576K
}
Event: 26.826 GC heap after
{Heap after GC invocations=30 (full 3):
 PSYoungGen      total 24576K, used 0K [0x00000000eab00000, 0x00000000eca80000, 0x0000000100000000)
  eden space 22016K, 0% used [0x00000000eab00000,0x00000000eab00000,0x00000000ec080000)
  from space 2560K, 0% used [0x00000000ec600000,0x00000000ec600000,0x00000000ec880000)
  to   space 1024K, 0% used [0x00000000ec980000,0x00000000ec980000,0x00000000eca80000)
 ParOldGen       total 68608K, used 39916K [0x00000000c0000000, 0x00000000c4300000, 0x00000000eab00000)
  object space 68608K, 58% used [0x00000000c0000000,0x00000000c26fb3b8,0x00000000c4300000)
 Metaspace       used 58572K, committed 59776K, reserved 1114112K
  class space    used 6766K, committed 7296K, reserved 1048576K
}

